# JRE version: OpenJDK Runtime Environment (21.0.1+12) (build 21.0.1+12-29)
# Java VM: OpenJDK 64-Bit Server VM (21.0.1+12-29, mixed mode, sharing, tiered, compressed oops, compressed class ptrs, g1 gc, windows-amd64)
GC Precious Log:
 CardTable entry size: 512
 Card Set container configuration: InlinePtr #cards 4 size 8 Array Of Cards #cards 16 size 48 Howl #buckets 8 coarsen threshold 3686 Howl Bitmap #cards 512 size 80 coarsen threshold 460 Card regions per heap region 1 cards per card region 4096
 CPUs: 12 total, 12 available
 Memory: 15511M
 Large Page Support: Disabled
 NUMA Support: Disabled
 Compressed Oops: Enabled (Zero based)
 Heap Region Size: 2M
 Heap Min Capacity: 8M
 Heap Initial Capacity: 244M
 Heap Max Capacity: 3878M
 Pre-touch: Disabled
 Parallel Workers: 10
 Concurrent Workers: 3
 Concurrent Refinement Workers: 10
 Periodic GC: Disabled
Heap:
 garbage-first heap   total 253952K, used 128575K [0x000000070da00000, 0x0000000800000000)
  region size 2048K, 2 young (4096K), 2 survivors (4096K)
 Metaspace       used 116465K, committed 117568K, reserved 1179648K
  class space    used 12736K, committed 13248K, reserved 1048576K
GC Heap History (20 events):
Event: 6.916 GC heap after
{Heap after GC invocations=13 (full 0):
 garbage-first heap   total 204800K, used 49221K [0x000000070da00000, 0x0000000800000000)
  region size 2048K, 4 young (8192K), 4 survivors (8192K)
 Metaspace       used 61088K, committed 61888K, reserved 1114112K
  class space    used 7429K, committed 7808K, reserved 1048576K
}
Event: 7.858 GC heap before
{Heap before GC invocations=14 (full 0):
 garbage-first heap   total 178176K, used 163909K [0x000000070da00000, 0x0000000800000000)
  region size 2048K, 60 young (122880K), 4 survivors (8192K)
 Metaspace       used 73385K, committed 74304K, reserved 1114112K
  class space    used 8748K, committed 9152K, reserved 1048576K
}
Event: 7.869 GC heap after
{Heap after GC invocations=15 (full 0):
 garbage-first heap   total 186368K, used 61944K [0x000000070da00000, 0x0000000800000000)
  region size 2048K, 8 young (16384K), 8 survivors (16384K)
 Metaspace       used 73385K, committed 74304K, reserved 1114112K
  class space    used 8748K, committed 9152K, reserved 1048576K
}
Event: 8.557 GC heap before
{Heap before GC invocations=15 (full 0):
 garbage-first heap   total 186368K, used 156152K [0x000000070da00000, 0x0000000800000000)
  region size 2048K, 54 young (110592K), 8 survivors (16384K)
 Metaspace       used 87229K, committed 88192K, reserved 1179648K
  class space    used 10003K, committed 10432K, reserved 1048576K
}
Event: 8.568 GC heap after
{Heap after GC invocations=16 (full 0):
 garbage-first heap   total 186368K, used 67861K [0x000000070da00000, 0x0000000800000000)
  region size 2048K, 4 young (8192K), 4 survivors (8192K)
 Metaspace       used 87229K, committed 88192K, reserved 1179648K
  class space    used 10003K, committed 10432K, reserved 1048576K
}
Event: 9.356 GC heap before
{Heap before GC invocations=16 (full 0):
 garbage-first heap   total 186368K, used 160021K [0x000000070da00000, 0x0000000800000000)
  region size 2048K, 49 young (100352K), 4 survivors (8192K)
 Metaspace       used 96136K, committed 97152K, reserved 1179648K
  class space    used 10834K, committed 11328K, reserved 1048576K
}
Event: 9.365 GC heap after
{Heap after GC invocations=17 (full 0):
 garbage-first heap   total 186368K, used 84563K [0x000000070da00000, 0x0000000800000000)
  region size 2048K, 7 young (14336K), 7 survivors (14336K)
 Metaspace       used 96136K, committed 97152K, reserved 1179648K
  class space    used 10834K, committed 11328K, reserved 1048576K
}
Event: 9.746 GC heap before
{Heap before GC invocations=17 (full 0):
 garbage-first heap   total 186368K, used 156243K [0x000000070da00000, 0x0000000800000000)
  region size 2048K, 42 young (86016K), 7 survivors (14336K)
 Metaspace       used 98664K, committed 99648K, reserved 1179648K
  class space    used 11098K, committed 11584K, reserved 1048576K
}
Event: 9.758 GC heap after
{Heap after GC invocations=18 (full 0):
 garbage-first heap   total 225280K, used 94176K [0x000000070da00000, 0x0000000800000000)
  region size 2048K, 5 young (10240K), 5 survivors (10240K)
 Metaspace       used 98664K, committed 99648K, reserved 1179648K
  class space    used 11098K, committed 11584K, reserved 1048576K
}
Event: 10.378 GC heap before
{Heap before GC invocations=19 (full 0):
 garbage-first heap   total 225280K, used 188384K [0x000000070da00000, 0x0000000800000000)
  region size 2048K, 50 young (102400K), 5 survivors (10240K)
 Metaspace       used 104434K, committed 105472K, reserved 1179648K
  class space    used 11833K, committed 12288K, reserved 1048576K
}
Event: 10.384 GC heap after
{Heap after GC invocations=20 (full 0):
 garbage-first heap   total 225280K, used 100952K [0x000000070da00000, 0x0000000800000000)
  region size 2048K, 4 young (8192K), 4 survivors (8192K)
 Metaspace       used 104434K, committed 105472K, reserved 1179648K
  class space    used 11833K, committed 12288K, reserved 1048576K
}
Event: 10.549 GC heap before
{Heap before GC invocations=20 (full 0):
 garbage-first heap   total 225280K, used 191064K [0x000000070da00000, 0x0000000800000000)
  region size 2048K, 48 young (98304K), 4 survivors (8192K)
 Metaspace       used 104746K, committed 105856K, reserved 1179648K
  class space    used 11848K, committed 12352K, reserved 1048576K
}
Event: 10.554 GC heap after
{Heap after GC invocations=21 (full 0):
 garbage-first heap   total 225280K, used 101106K [0x000000070da00000, 0x0000000800000000)
  region size 2048K, 4 young (8192K), 4 survivors (8192K)
 Metaspace       used 104746K, committed 105856K, reserved 1179648K
  class space    used 11848K, committed 12352K, reserved 1048576K
}
Event: 11.017 GC heap before
{Heap before GC invocations=21 (full 0):
 garbage-first heap   total 225280K, used 195314K [0x000000070da00000, 0x0000000800000000)
  region size 2048K, 50 young (102400K), 4 survivors (8192K)
 Metaspace       used 105867K, committed 106944K, reserved 1179648K
  class space    used 11950K, committed 12416K, reserved 1048576K
}
Event: 11.028 GC heap after
{Heap after GC invocations=22 (full 0):
 garbage-first heap   total 225280K, used 112985K [0x000000070da00000, 0x0000000800000000)
  region size 2048K, 7 young (14336K), 7 survivors (14336K)
 Metaspace       used 105867K, committed 106944K, reserved 1179648K
  class space    used 11950K, committed 12416K, reserved 1048576K
}
Event: 11.710 GC heap before
{Heap before GC invocations=23 (full 0):
 garbage-first heap   total 225280K, used 194905K [0x000000070da00000, 0x0000000800000000)
  region size 2048K, 47 young (96256K), 7 survivors (14336K)
 Metaspace       used 108756K, committed 109824K, reserved 1179648K
  class space    used 12089K, committed 12608K, reserved 1048576K
}
Event: 11.723 GC heap after
{Heap after GC invocations=24 (full 0):
 garbage-first heap   total 225280K, used 127551K [0x000000070da00000, 0x0000000800000000)
  region size 2048K, 6 young (12288K), 6 survivors (12288K)
 Metaspace       used 108756K, committed 109824K, reserved 1179648K
  class space    used 12089K, committed 12608K, reserved 1048576K
}
Event: 12.267 GC heap before
{Heap before GC invocations=24 (full 0):
 garbage-first heap   total 225280K, used 195135K [0x000000070da00000, 0x0000000800000000)
  region size 2048K, 39 young (79872K), 6 survivors (12288K)
 Metaspace       used 112779K, committed 113920K, reserved 1179648K
  class space    used 12464K, committed 12992K, reserved 1048576K
}
Event: 12.277 GC heap after
{Heap after GC invocations=25 (full 0):
 garbage-first heap   total 225280K, used 128436K [0x000000070da00000, 0x0000000800000000)
  region size 2048K, 4 young (8192K), 4 survivors (8192K)
 Metaspace       used 112779K, committed 113920K, reserved 1179648K
  class space    used 12464K, committed 12992K, reserved 1048576K
}
Event: 13.160 GC heap before
{Heap before GC invocations=25 (full 0):
 garbage-first heap   total 225280K, used 198068K [0x000000070da00000, 0x0000000800000000)
  region size 2048K, 38 young (77824K), 4 survivors (8192K)
 Metaspace       used 116465K, committed 117568K, reserved 1179648K
  class space    used 12736K, committed 13248K, reserved 1048576K
}

